Using pre-set license
Built from '2020.3/china_unity/release' branch; Version is '2020.3.36f1c1 (f1b5774ca487) revision 15840631'; Using compiler version '192528614'; Build Type 'Release'
OS: 'Windows 10  (10.0.19041) 64bit Professional' Language: 'zh' Physical Memory: 16219 MB
BatchMode: 1, IsHumanControllingUs: 0, StartBugReporterOnCrash: 0, Is64bit: 1, IsPro: 0

COMMAND LINE ARGUMENTS:
D:\Program Files\Unity 2020.3.36f1c1\Editor\Unity.exe
-adb2
-batchMode
-noUpm
-name
AssetImportWorker3
-projectPath
D:/Study/github/AladdinShader
-logFile
Logs/AssetImportWorker3.log
-srvPort
53890
Successfully changed project path to: D:/Study/github/AladdinShader
D:/Study/github/AladdinShader
Using Asset Import Pipeline V2.
AS: AutoStreaming module initializing.Refreshing native plugins compatible for Editor in 91.47 ms, found 2 plugins.
Preloading 0 native plugins for Editor in 0.00 ms.
Initialize engine version: 2020.3.36f1c1 (f1b5774ca487)
[Subsystems] Discovering subsystems at path D:/Program Files/Unity 2020.3.36f1c1/Editor/Data/Resources/UnitySubsystems
[Subsystems] Discovering subsystems at path D:/Study/github/AladdinShader/Assets
GfxDevice: creating device client; threaded=0
Direct3D:
    Version:  Direct3D 11.0 [level 11.1]
    Renderer: Intel(R) UHD Graphics (ID=0x9b41)
    Vendor:   
    VRAM:     8109 MB
    Driver:   27.20.100.8984
Initialize mono
Mono path[0] = 'D:/Program Files/Unity 2020.3.36f1c1/Editor/Data/Managed'
Mono path[1] = 'D:/Program Files/Unity 2020.3.36f1c1/Editor/Data/MonoBleedingEdge/lib/mono/unityjit'
Mono config path = 'D:/Program Files/Unity 2020.3.36f1c1/Editor/Data/MonoBleedingEdge/etc'
Using monoOptions --debugger-agent=transport=dt_socket,embedding=1,server=y,suspend=n,address=127.0.0.1:56484
Begin MonoManager ReloadAssembly
Registering precompiled unity dll's ...
Register platform support module: D:/Program Files/Unity 2020.3.36f1c1/Editor/Data/PlaybackEngines/WindowsStandaloneSupport/UnityEditor.WindowsStandalone.Extensions.dll
Registered in 0.004133 seconds.
Native extension for WindowsStandalone target not found
Refreshing native plugins compatible for Editor in 60.99 ms, found 2 plugins.
Preloading 0 native plugins for Editor in 0.00 ms.
Mono: successfully reloaded assembly
- Completed reload, in  1.063 seconds
Domain Reload Profiling:
	ReloadAssembly (1063ms)
		BeginReloadAssembly (143ms)
			ExecutionOrderSort (0ms)
			DisableScriptedObjects (0ms)
			BackupInstance (0ms)
			ReleaseScriptingObjects (0ms)
			CreateAndSetChildDomain (2ms)
		EndReloadAssembly (779ms)
			LoadAssemblies (139ms)
			RebuildTransferFunctionScriptingTraits (0ms)
			SetupTypeCache (260ms)
			ReleaseScriptCaches (0ms)
			RebuildScriptCaches (60ms)
			SetupLoadedEditorAssemblies (282ms)
				LogAssemblyErrors (0ms)
				InitializePlatformSupportModulesInManaged (7ms)
				SetLoadedEditorAssemblies (1ms)
				RefreshPlugins (61ms)
				BeforeProcessingInitializeOnLoad (31ms)
				ProcessInitializeOnLoadAttributes (136ms)
				ProcessInitializeOnLoadMethodAttributes (46ms)
				AfterProcessingInitializeOnLoad (0ms)
				EditorAssembliesLoaded (0ms)
			ExecutionOrderSort2 (0ms)
			AwakeInstancesAfterBackupRestoration (0ms)
Platform modules already initialized, skipping
Registering precompiled user dll's ...
Registered in 0.004909 seconds.
Begin MonoManager ReloadAssembly
Native extension for WindowsStandalone target not found
Refreshing native plugins compatible for Editor in 0.53 ms, found 2 plugins.
Preloading 0 native plugins for Editor in 0.00 ms.
Mono: successfully reloaded assembly
- Completed reload, in  2.371 seconds
Domain Reload Profiling:
	ReloadAssembly (2374ms)
		BeginReloadAssembly (361ms)
			ExecutionOrderSort (0ms)
			DisableScriptedObjects (9ms)
			BackupInstance (0ms)
			ReleaseScriptingObjects (0ms)
			CreateAndSetChildDomain (32ms)
		EndReloadAssembly (1859ms)
			LoadAssemblies (226ms)
			RebuildTransferFunctionScriptingTraits (0ms)
			SetupTypeCache (627ms)
			ReleaseScriptCaches (1ms)
			RebuildScriptCaches (105ms)
			SetupLoadedEditorAssemblies (746ms)
				LogAssemblyErrors (0ms)
				InitializePlatformSupportModulesInManaged (11ms)
				SetLoadedEditorAssemblies (1ms)
				RefreshPlugins (1ms)
				BeforeProcessingInitializeOnLoad (201ms)
				ProcessInitializeOnLoadAttributes (487ms)
				ProcessInitializeOnLoadMethodAttributes (29ms)
				AfterProcessingInitializeOnLoad (16ms)
				EditorAssembliesLoaded (1ms)
			ExecutionOrderSort2 (0ms)
			AwakeInstancesAfterBackupRestoration (5ms)
Platform modules already initialized, skipping
========================================================================
Worker process is ready to serve import requests
Launched and connected shader compiler UnityShaderCompiler.exe after 0.17 seconds
Refreshing native plugins compatible for Editor in 0.88 ms, found 2 plugins.
Preloading 0 native plugins for Editor in 0.00 ms.
Unloading 1561 Unused Serialized files (Serialized files now loaded: 0)
System memory in use before: 83.5 MB.
System memory in use after: 83.5 MB.

Unloading 18 unused Assets to reduce memory usage. Loaded Objects now: 2000.
Total: 6.179000 ms (FindLiveObjects: 0.325100 ms CreateObjectMapping: 0.113200 ms MarkObjects: 5.563800 ms  DeleteObjects: 0.175000 ms)

AssetImportParameters requested are different than current active one (requested -> active):
  custom:framework-win-MediaFoundation: 216162199b28c13a410421893ffa2e32 -> 
  custom:video-decoder-ogg-theora: a1e56fd34408186e4bbccfd4996cb3dc -> 
  custom:container-muxer-webm: aa71ff27fc2769a1b78a27578f13a17b -> 
  custom:container-demuxer-webm: 4f35f7cbe854078d1ac9338744f61a02 -> 
  custom:container-demuxer-ogg: 62fdf1f143b41e24485cea50d1cbac27 -> 
  custom:video-encoder-webm-vp8: eb34c28f22e8b96e1ab97ce403110664 -> 
  custom:video-codec-MediaFoundation-h265: 746d11721c4dcdbdad8f713fa42b33f4 -> 
  custom:video-decoder-webm-vp8: 9c59270c3fd7afecdb556c50c9e8de78 -> 
  custom:audio-decoder-ogg-vorbis: bf7c407c2cedff20999df2af8eb42d56 -> 
  custom:audio-encoder-webm-vorbis: bf7c407c2cedff20999df2af8eb42d56 -> 
========================================================================
Received Import Request.
  path: Assets/Volume 04 常见的2D图Shader效果
  artifactKey: Guid(dd7bfd5a615ca2e4f934e272673bc19d) Importer(815301076,1909f56bfc062723c751e8b465ee728b)
Start importing Assets/Volume 04 常见的2D图Shader效果 using Guid(dd7bfd5a615ca2e4f934e272673bc19d) Importer(815301076,1909f56bfc062723c751e8b465ee728b)  -> (artifact id: '06e7b7d36f93f3e3db0d860eec638620') in 0.009973 seconds 
========================================================================
Received Import Request.
  Time since last request: 0.000360 seconds.
  path: Assets/Volume 04 常见的2D图Shader效果/Images/aladdin.jpg
  artifactKey: Guid(ec03ad968a58b01449e2482cf6103be3) Importer(815301076,1909f56bfc062723c751e8b465ee728b)
Start importing Assets/Volume 04 常见的2D图Shader效果/Images/aladdin.jpg using Guid(ec03ad968a58b01449e2482cf6103be3) Importer(815301076,1909f56bfc062723c751e8b465ee728b)  -> (artifact id: '1747ddd361d71cc3aef60b4bd18c32d3') in 0.286796 seconds 
========================================================================
Received Import Request.
  Time since last request: 0.000436 seconds.
  path: Assets/Volume 05 卡通渲染
  artifactKey: Guid(ddd0a7da0b649ee439e1e27b436a0a43) Importer(815301076,1909f56bfc062723c751e8b465ee728b)
Start importing Assets/Volume 05 卡通渲染 using Guid(ddd0a7da0b649ee439e1e27b436a0a43) Importer(815301076,1909f56bfc062723c751e8b465ee728b)  -> (artifact id: '87aa0aa4a178cdb407139a4b138db83c') in 0.005505 seconds 
========================================================================
Received Import Request.
  Time since last request: 6.679002 seconds.
  path: Assets/Volume 04 常见的2D图Shader效果/Shaders
  artifactKey: Guid(e9b5e38381ae7d44f88c8a21ff8057d8) Importer(815301076,1909f56bfc062723c751e8b465ee728b)
Start importing Assets/Volume 04 常见的2D图Shader效果/Shaders using Guid(e9b5e38381ae7d44f88c8a21ff8057d8) Importer(815301076,1909f56bfc062723c751e8b465ee728b)  -> (artifact id: '47978cdf4ab98f14251b4ea61b90c6f0') in 0.006399 seconds 
========================================================================
Received Import Request.
  Time since last request: 1.302896 seconds.
  path: Assets/Volume 04 常见的2D图Shader效果/Shaders/2DOutLine.shader
  artifactKey: Guid(90854fe7652a1014d87de4b2ccb68108) Importer(815301076,1909f56bfc062723c751e8b465ee728b)
Start importing Assets/Volume 04 常见的2D图Shader效果/Shaders/2DOutLine.shader using Guid(90854fe7652a1014d87de4b2ccb68108) Importer(815301076,1909f56bfc062723c751e8b465ee728b)  -> (artifact id: '59655e38b410e0a5a4d5985d53eff647') in 0.008992 seconds 
========================================================================
Received Import Request.
  Time since last request: 0.573412 seconds.
  path: Assets/Volume 04 常见的2D图Shader效果/Shaders/2DPixelation.shader
  artifactKey: Guid(f4d7121ac19003b489cf278f8d2054e1) Importer(815301076,1909f56bfc062723c751e8b465ee728b)
Start importing Assets/Volume 04 常见的2D图Shader效果/Shaders/2DPixelation.shader using Guid(f4d7121ac19003b489cf278f8d2054e1) Importer(815301076,1909f56bfc062723c751e8b465ee728b)  -> (artifact id: '5149522d580bb8f9290872186b884d83') in 0.004873 seconds 
========================================================================
Received Import Request.
  Time since last request: 1.356261 seconds.
  path: Assets/Volume 04 常见的2D图Shader效果/Shaders/2DRound.shader
  artifactKey: Guid(aecd71dd3f36f6e478449e9fad2c4be5) Importer(815301076,1909f56bfc062723c751e8b465ee728b)
Start importing Assets/Volume 04 常见的2D图Shader效果/Shaders/2DRound.shader using Guid(aecd71dd3f36f6e478449e9fad2c4be5) Importer(815301076,1909f56bfc062723c751e8b465ee728b)  -> (artifact id: '6c190f442b664849962fe1e061cc845a') in 0.004817 seconds 
========================================================================
Received Prepare
Registering precompiled user dll's ...
Registered in 0.005408 seconds.
Begin MonoManager ReloadAssembly
Native extension for WindowsStandalone target not found
Refreshing native plugins compatible for Editor in 0.83 ms, found 2 plugins.
Preloading 0 native plugins for Editor in 0.00 ms.
Mono: successfully reloaded assembly
- Completed reload, in  2.965 seconds
Domain Reload Profiling:
	ReloadAssembly (2966ms)
		BeginReloadAssembly (331ms)
			ExecutionOrderSort (0ms)
			DisableScriptedObjects (9ms)
			BackupInstance (0ms)
			ReleaseScriptingObjects (0ms)
			CreateAndSetChildDomain (63ms)
		EndReloadAssembly (2438ms)
			LoadAssemblies (352ms)
			RebuildTransferFunctionScriptingTraits (0ms)
			SetupTypeCache (796ms)
			ReleaseScriptCaches (1ms)
			RebuildScriptCaches (129ms)
			SetupLoadedEditorAssemblies (890ms)
				LogAssemblyErrors (0ms)
				InitializePlatformSupportModulesInManaged (18ms)
				SetLoadedEditorAssemblies (2ms)
				RefreshPlugins (1ms)
				BeforeProcessingInitializeOnLoad (248ms)
				ProcessInitializeOnLoadAttributes (564ms)
				ProcessInitializeOnLoadMethodAttributes (38ms)
				AfterProcessingInitializeOnLoad (18ms)
				EditorAssembliesLoaded (1ms)
			ExecutionOrderSort2 (0ms)
			AwakeInstancesAfterBackupRestoration (7ms)
Platform modules already initialized, skipping
Refreshing native plugins compatible for Editor in 0.68 ms, found 2 plugins.
Preloading 0 native plugins for Editor in 0.00 ms.
Unloading 1513 Unused Serialized files (Serialized files now loaded: 0)
System memory in use before: 82.0 MB.
System memory in use after: 82.1 MB.

Unloading 13 unused Assets to reduce memory usage. Loaded Objects now: 2009.
Total: 8.856300 ms (FindLiveObjects: 0.237100 ms CreateObjectMapping: 0.104300 ms MarkObjects: 8.209600 ms  DeleteObjects: 0.302300 ms)

AssetImportParameters requested are different than current active one (requested -> active):
  custom:framework-win-MediaFoundation: 216162199b28c13a410421893ffa2e32 -> 
  custom:video-decoder-ogg-theora: a1e56fd34408186e4bbccfd4996cb3dc -> 
  custom:container-muxer-webm: aa71ff27fc2769a1b78a27578f13a17b -> 
  custom:container-demuxer-webm: 4f35f7cbe854078d1ac9338744f61a02 -> 
  custom:container-demuxer-ogg: 62fdf1f143b41e24485cea50d1cbac27 -> 
  custom:video-encoder-webm-vp8: eb34c28f22e8b96e1ab97ce403110664 -> 
  custom:video-codec-MediaFoundation-h265: 746d11721c4dcdbdad8f713fa42b33f4 -> 
  custom:video-decoder-webm-vp8: 9c59270c3fd7afecdb556c50c9e8de78 -> 
  custom:audio-decoder-ogg-vorbis: bf7c407c2cedff20999df2af8eb42d56 -> 
  custom:audio-encoder-webm-vorbis: bf7c407c2cedff20999df2af8eb42d56 -> 
========================================================================
Received Import Request.
  Time since last request: 346.945792 seconds.
  path: Assets/Volume 04 常见的2D图Shader效果/Shaders/2DUIRound.shader
  artifactKey: Guid(d6de14f24d7350a4e90cd1df752d2a9a) Importer(815301076,1909f56bfc062723c751e8b465ee728b)
Start importing Assets/Volume 04 常见的2D图Shader效果/Shaders/2DUIRound.shader using Guid(d6de14f24d7350a4e90cd1df752d2a9a) Importer(815301076,1909f56bfc062723c751e8b465ee728b)  -> (artifact id: 'd7e7c47a7908dcef5dc1ab1c633fe789') in 0.050722 seconds 
========================================================================
Received Import Request.
  Time since last request: 6448.686302 seconds.
  path: Assets/Volume 04 常见的2D图Shader效果/Shaders/2DUIRound.shader
  artifactKey: Guid(d6de14f24d7350a4e90cd1df752d2a9a) Importer(815301076,1909f56bfc062723c751e8b465ee728b)
Start importing Assets/Volume 04 常见的2D图Shader效果/Shaders/2DUIRound.shader using Guid(d6de14f24d7350a4e90cd1df752d2a9a) Importer(815301076,1909f56bfc062723c751e8b465ee728b)  -> (artifact id: 'a95495fcb4c8e68dc0a43fa8b68f4ede') in 0.059196 seconds 
========================================================================
Received Import Request.
  Time since last request: 409.187606 seconds.
  path: Assets/Volume 04 常见的2D图Shader效果/Shaders/UI-Default.shader
  artifactKey: Guid(60eead1cb454f30439c18eae9fbfa2ed) Importer(815301076,1909f56bfc062723c751e8b465ee728b)
Start importing Assets/Volume 04 常见的2D图Shader效果/Shaders/UI-Default.shader using Guid(60eead1cb454f30439c18eae9fbfa2ed) Importer(815301076,1909f56bfc062723c751e8b465ee728b)  -> (artifact id: '1d25b897de8d701e91e96ec8f7b003b0') in 0.009285 seconds 
========================================================================
Received Import Request.
  Time since last request: 14.510049 seconds.
  path: Assets/Volume 04 常见的2D图Shader效果/Shaders/UIRoundDefault.shader
  artifactKey: Guid(60eead1cb454f30439c18eae9fbfa2ed) Importer(815301076,1909f56bfc062723c751e8b465ee728b)
Start importing Assets/Volume 04 常见的2D图Shader效果/Shaders/UIRoundDefault.shader using Guid(60eead1cb454f30439c18eae9fbfa2ed) Importer(815301076,1909f56bfc062723c751e8b465ee728b)  -> (artifact id: '14ec49419d7a450f0ce0d733508e1223') in 0.005164 seconds 
========================================================================
Received Import Request.
  Time since last request: 11.085540 seconds.
  path: Assets/Volume 04 常见的2D图Shader效果/Shaders/UIRoundDefault.shader
  artifactKey: Guid(60eead1cb454f30439c18eae9fbfa2ed) Importer(815301076,1909f56bfc062723c751e8b465ee728b)
Start importing Assets/Volume 04 常见的2D图Shader效果/Shaders/UIRoundDefault.shader using Guid(60eead1cb454f30439c18eae9fbfa2ed) Importer(815301076,1909f56bfc062723c751e8b465ee728b)  -> (artifact id: '0938f0facd250e11cb675eb43dfc6f94') in 0.019749 seconds 
========================================================================
Received Import Request.
  Time since last request: 19.222677 seconds.
  path: Assets/Volume 04 常见的2D图Shader效果/Shaders/2DUIRoundDefault.shader
  artifactKey: Guid(60eead1cb454f30439c18eae9fbfa2ed) Importer(815301076,1909f56bfc062723c751e8b465ee728b)
Start importing Assets/Volume 04 常见的2D图Shader效果/Shaders/2DUIRoundDefault.shader using Guid(60eead1cb454f30439c18eae9fbfa2ed) Importer(815301076,1909f56bfc062723c751e8b465ee728b)  -> (artifact id: '34c3bb5252b94b4aed880cca9cfb6b7f') in 0.005584 seconds 
